<?xml version="1.0" encoding="UTF-8"?>
<!-- Generated by org.testng.reporters.JUnitReportReporter -->
<testsuite hostname="DESKTOP-T7ICDAV" failures="0" tests="1" name="restassuredlearning.PostRequest" time="3.540" errors="0" timestamp="2022-05-01T17:55:24 IST" skipped="0">
  <testcase classname="restassuredlearning.PostRequest" name="Validation" time="3.540"/>
  <system-out/>
</testsuite> <!-- restassuredlearning.PostRequest -->
