<?xml version="1.0" encoding="UTF-8"?>
<!-- Generated by org.testng.reporters.JUnitReportReporter -->
<testsuite hostname="DESKTOP-T7ICDAV" failures="0" tests="5" name="restassuredlearning.JiraApi" time="8.218" errors="0" timestamp="2022-05-08T20:36:17 IST" skipped="2">
  <testcase classname="restassuredlearning.JiraApi" name="PostReqs" time="4.267"/>
  <system-out/>
  <testcase classname="restassuredlearning.JiraApi" name="PostReqscomm" time="2.150"/>
  <system-out/>
  <testcase classname="restassuredlearning.JiraApi" name="attachment" time="1.801"/>
  <system-out/>
  <testcase classname="restassuredlearning.JiraApi" name="removeAttach">
    <skipped/>
  </testcase> <!-- removeAttach -->
  <system-out/>
  <testcase classname="restassuredlearning.JiraApi" name="deleteComm">
    <skipped/>
  </testcase> <!-- deleteComm -->
  <system-out/>
</testsuite> <!-- restassuredlearning.JiraApi -->
