<?xml version="1.0" encoding="UTF-8"?>
<!-- Generated by org.testng.reporters.JUnitReportReporter -->
<testsuite hostname="DESKTOP-T7ICDAV" failures="0" tests="1" name="restassuredlearning.ComplexJson" time="3.518" errors="0" timestamp="2022-05-07T18:53:38 IST" skipped="0">
  <testcase classname="restassuredlearning.ComplexJson" name="testingComplex" time="3.518"/>
  <system-out/>
</testsuite> <!-- restassuredlearning.ComplexJson -->
